<?xml version="1.0" encoding="UTF-8"?>
<!-- Generated by org.testng.reporters.JUnitXMLReporter -->
<testsuite hostname="Airone" ignored="2" name="Test" tests="3" failures="0" timestamp="14 Dec 2023 01:52:55 GMT" time="0.001" errors="0">
  <testcase name="apple" time="0.001" classname="com.ng.AppleTest"/>
  <testcase name="mango" time="0.001" classname="com.ng.MangoTest"/>
  <testcase name="pomoGranate" time="0.001" classname="com.ng.PomogranateTest"/>
  <testcase name="banana" time="0.0" classname="com.ng.BananaTest">
    <ignored/>
  </testcase> <!-- banana -->
  <testcase name="ornage" time="0.0" classname="com.ng.OrangeTest">
    <ignored/>
  </testcase> <!-- ornage -->
</testsuite> <!-- Test -->
