<?xml version="1.0" encoding="UTF-8"?>
<!-- Generated by org.testng.reporters.JUnitXMLReporter -->
<testsuite hostname="Airone" ignored="0" name="Test" tests="9" failures="0" timestamp="03 Jan 2024 02:13:26 GMT" time="6.824" errors="0">
  <testcase name="userTest" time="2.209" classname="com.rest.UpdateTest"/>
  <testcase name="deleteTest" time="0.518" classname="com.rest.DeleteTest"/>
  <testcase name="assertTest" time="0.509" classname="com.rest.AssertTest"/>
  <testcase name="singleUser" time="1.203" classname="com.rest.AllUsersTest"/>
  <testcase name="users" time="0.291" classname="com.rest.AllUsersTest"/>
  <testcase name="country" time="0.767" classname="com.rest.CountryTest"/>
  <testcase name="newUser" time="0.568" classname="com.rest.CreateUser"/>
  <testcase name="listResource" time="0.207" classname="com.rest.ListResource"/>
  <testcase name="register" time="0.533" classname="com.rest.ReigesterTest"/>
</testsuite> <!-- Test -->
