<?xml version="1.0" encoding="UTF-8"?>
<testsuite xmlns:xsi="http://www.w3.org/2001/XMLSchema-instance" xsi:noNamespaceSchemaLocation="https://maven.apache.org/surefire/maven-surefire-plugin/xsd/surefire-test-report.xsd" name="TestSuite" time="7.296" tests="9" errors="0" skipped="0" failures="0">
  <properties>
[...]
</properties>
  <testcase name="userTest" classname="com.rest.UpdateTest" time="2.283"/>
  <testcase name="deleteTest" classname="com.rest.DeleteTest" time="0.524"/>
  <testcase name="assertTest" classname="com.rest.AssertTest" time="0.483"/>
  <testcase name="singleUser" classname="com.rest.AllUsersTest" time="1.15"/>
  <testcase name="users" classname="com.rest.AllUsersTest" time="0.377"/>
  <testcase name="country" classname="com.rest.CountryTest" time="1.355"/>
  <testcase name="newUser" classname="com.rest.CreateUser" time="0.046"/>
  <testcase name="listResource" classname="com.rest.ListResource" time="0.173"/>
  <testcase name="register" classname="com.rest.ReigesterTest" time="0.537"/>
</testsuite>