<?xml version="1.0" encoding="UTF-8"?>
<!-- Generated by org.testng.reporters.JUnitXMLReporter -->
<testsuite hostname="Airone" ignored="0" name="Test" tests="5" failures="0" timestamp="14 Dec 2023 01:52:55 GMT" time="0.004" errors="0">
  <testcase name="onion" time="0.0" classname="com.test.OnionTest"/>
  <testcase name="potato" time="0.0" classname="com.test.PotatoTest"/>
  <testcase name="beans" time="0.0" classname="com.test.BeansTest"/>
  <testcase name="tomato" time="0.0" classname="com.test.TomatoTest"/>
  <testcase name="chilly" time="0.001" classname="com.test.ChillyTest"/>
</testsuite> <!-- Test -->
