<?xml version="1.0" encoding="UTF-8"?>
<!-- Generated by org.testng.reporters.JUnitXMLReporter -->
<testsuite hostname="Airone" ignored="2" name="GroupTest" tests="1" failures="0" timestamp="14 Dec 2023 01:52:55 GMT" time="0.002" errors="0">
  <testcase name="loginPage" time="0.0" classname="com.org.AttributeGroup1Test"/>
  <testcase name="logout" time="0.0" classname="com.org.AttributeGroup3Test">
    <ignored/>
  </testcase> <!-- logout -->
  <testcase name="homePage" time="0.0" classname="com.org.AttributeGroup2Test">
    <ignored/>
  </testcase> <!-- homePage -->
</testsuite> <!-- GroupTest -->
